<?xml version="1.0" encoding="UTF-8"?>
<testng-results ignored="0" total="1" passed="1" failed="0" skipped="0">
  <reporter-output>
  </reporter-output>
  <suite started-at="2024-12-27T12:51:22 IST" name="Default suite" finished-at="2024-12-27T12:51:51 IST" duration-ms="29439">
    <groups>
    </groups>
    <test started-at="2024-12-27T12:51:22 IST" name="Default test" finished-at="2024-12-27T12:51:51 IST" duration-ms="29439">
      <class name="Com.Doqfy.Automation.Web.Esign.ExecuteEsign_Test">
        <test-method is-config="true" signature="loginToClM()[pri:0, instance:Com.Doqfy.Automation.Web.Esign.ExecuteEsign_Test@2b71e916]" started-at="2024-12-27T12:51:22 IST" name="loginToClM" finished-at="2024-12-27T12:51:28 IST" duration-ms="6112" status="PASS">
          <reporter-output>
          </reporter-output>
        </test-method> <!-- loginToClM -->
        <test-method signature="eSignWithSingleSign()[pri:0, instance:Com.Doqfy.Automation.Web.Esign.ExecuteEsign_Test@2b71e916]" started-at="2024-12-27T12:51:28 IST" name="eSignWithSingleSign" finished-at="2024-12-27T12:51:47 IST" duration-ms="19715" status="PASS">
          <reporter-output>
          </reporter-output>
        </test-method> <!-- eSignWithSingleSign -->
        <test-method is-config="true" signature="logOutFromCLM()[pri:0, instance:Com.Doqfy.Automation.Web.Esign.ExecuteEsign_Test@2b71e916]" started-at="2024-12-27T12:51:47 IST" name="logOutFromCLM" finished-at="2024-12-27T12:51:51 IST" duration-ms="3545" status="PASS">
          <reporter-output>
          </reporter-output>
        </test-method> <!-- logOutFromCLM -->
      </class> <!-- Com.Doqfy.Automation.Web.Esign.ExecuteEsign_Test -->
    </test> <!-- Default test -->
  </suite> <!-- Default suite -->
</testng-results>
